#
# There is insufficient memory for the Java Runtime Environment to continue.
# Native memory allocation (malloc) failed to allocate 497376 bytes for Chunk::new
# Possible reasons:
#   The system is out of physical RAM or swap space
#   The process is running with CompressedOops enabled, and the Java Heap may be blocking the growth of the native heap
# Possible solutions:
#   Reduce memory load on the system
#   Increase physical memory or swap space
#   Check if swap backing store is full
#   Decrease Java heap size (-Xmx/-Xms)
#   Decrease number of Java threads
#   Decrease Java thread stack sizes (-Xss)
#   Set larger code cache with -XX:ReservedCodeCacheSize=
#   JVM is running with Unscaled Compressed Oops mode in which the Java heap is
#     placed in the first 4GB address space. The Java Heap base address is the
#     maximum limit for the native heap growth. Please use -XX:HeapBaseMinAddress
#     to set the Java Heap base and to place the Java Heap above 4GB virtual address.
# This output file may be truncated or incomplete.
#
#  Out of Memory Error (arena.cpp:191), pid=13132, tid=17908
#
# JRE version: OpenJDK Runtime Environment Microsoft-8902769 (17.0.10+7) (build 17.0.10+7-LTS)
# Java VM: OpenJDK 64-Bit Server VM Microsoft-8902769 (17.0.10+7-LTS, mixed mode, sharing, tiered, compressed oops, compressed class ptrs, g1 gc, windows-amd64)
# No core dump will be written. Minidumps are not enabled by default on client versions of Windows
#

---------------  S U M M A R Y ------------

Command Line: org.jetbrains.kotlin.cli.jvm.K2JVMCompiler @C:\Users\Administrateur\Desktop\note_frais_migrated\node_modules\react-native-safe-area-context\android\build\20240620_2494777221285908073.compiler.options

Host: Intel(R) Core(TM) i7-6500U CPU @ 2.50GHz, 4 cores, 7G,  Windows 10 , 64 bit Build 19041 (10.0.19041.3636)
Time: Thu Jun 20 12:16:56 2024 Morocco Daylight Time elapsed time: 49.032761 seconds (0d 0h 0m 49s)

---------------  T H R E A D  ---------------

Current thread (0x000001c248d93f20):  JavaThread "C2 CompilerThread1" daemon [_thread_in_native, id=17908, stack(0x0000000dd8b00000,0x0000000dd8c00000)]


Current CompileTask:
C2:  49032 13044       4       org.jetbrains.kotlin.backend.jvm.caches.BridgeLoweringCache::canHaveSpecialBridge (152 bytes)

Stack: [0x0000000dd8b00000,0x0000000dd8c00000]
Native frames: (J=compiled Java code, j=interpreted, Vv=VM code, C=native code)
V  [jvm.dll+0x67f829]
V  [jvm.dll+0x83750a]
V  [jvm.dll+0x838fce]
V  [jvm.dll+0x839633]
V  [jvm.dll+0x247cbf]
V  [jvm.dll+0xac524]
V  [jvm.dll+0xacb6c]
V  [jvm.dll+0x2af70f]
V  [jvm.dll+0x587077]
V  [jvm.dll+0x222d32]
V  [jvm.dll+0x22311f]
V  [jvm.dll+0x21c1dc]
V  [jvm.dll+0x219711]
V  [jvm.dll+0x1a5176]
V  [jvm.dll+0x22957e]
V  [jvm.dll+0x22774c]
V  [jvm.dll+0x7ec5d7]
V  [jvm.dll+0x7e69da]
V  [jvm.dll+0x67e715]
C  [ucrtbase.dll+0x21bb2]
C  [KERNEL32.DLL+0x17344]
C  [ntdll.dll+0x4cc91]


---------------  P R O C E S S  ---------------

Threads class SMR info:
_java_thread_list=0x000001c246894f80, length=13, elements={
0x000001c262705010, 0x000001c200294d20, 0x000001c200295ba0, 0x000001c2002ace60,
0x000001c2002adbf0, 0x000001c2002b2740, 0x000001c2002b3100, 0x000001c2002b5200,
0x000001c2002b5cb0, 0x000001c20031e510, 0x000001c2004f3f50, 0x000001c2004fd2a0,
0x000001c248d93f20
}

Java Threads: ( => current thread )
  0x000001c262705010 JavaThread "main" [_thread_in_Java, id=3284, stack(0x0000000dd7400000,0x0000000dd7500000)]
  0x000001c200294d20 JavaThread "Reference Handler" daemon [_thread_blocked, id=18780, stack(0x0000000dd7b00000,0x0000000dd7c00000)]
  0x000001c200295ba0 JavaThread "Finalizer" daemon [_thread_blocked, id=1016, stack(0x0000000dd7c00000,0x0000000dd7d00000)]
  0x000001c2002ace60 JavaThread "Signal Dispatcher" daemon [_thread_blocked, id=10656, stack(0x0000000dd7d00000,0x0000000dd7e00000)]
  0x000001c2002adbf0 JavaThread "Attach Listener" daemon [_thread_blocked, id=16592, stack(0x0000000dd7e00000,0x0000000dd7f00000)]
  0x000001c2002b2740 JavaThread "Service Thread" daemon [_thread_blocked, id=10380, stack(0x0000000dd7f00000,0x0000000dd8000000)]
  0x000001c2002b3100 JavaThread "Monitor Deflation Thread" daemon [_thread_blocked, id=1300, stack(0x0000000dd8000000,0x0000000dd8100000)]
  0x000001c2002b5200 JavaThread "C2 CompilerThread0" daemon [_thread_in_native, id=6396, stack(0x0000000dd8100000,0x0000000dd8200000)]
  0x000001c2002b5cb0 JavaThread "C1 CompilerThread0" daemon [_thread_blocked, id=16736, stack(0x0000000dd8200000,0x0000000dd8300000)]
  0x000001c20031e510 JavaThread "Sweeper thread" daemon [_thread_blocked, id=19584, stack(0x0000000dd8300000,0x0000000dd8400000)]
  0x000001c2004f3f50 JavaThread "Notification Thread" daemon [_thread_blocked, id=13276, stack(0x0000000dd8400000,0x0000000dd8500000)]
  0x000001c2004fd2a0 JavaThread "Common-Cleaner" daemon [_thread_blocked, id=21300, stack(0x0000000dd8600000,0x0000000dd8700000)]
=>0x000001c248d93f20 JavaThread "C2 CompilerThread1" daemon [_thread_in_native, id=17908, stack(0x0000000dd8b00000,0x0000000dd8c00000)]

Other Threads:
  0x000001c20028ce50 VMThread "VM Thread" [stack: 0x0000000dd7a00000,0x0000000dd7b00000] [id=5376]
  0x000001c2004f4840 WatcherThread [stack: 0x0000000dd8500000,0x0000000dd8600000] [id=19332]
  0x000001c26275da90 GCTaskThread "GC Thread#0" [stack: 0x0000000dd7500000,0x0000000dd7600000] [id=15512]
  0x000001c20082e8b0 GCTaskThread "GC Thread#1" [stack: 0x0000000dd8700000,0x0000000dd8800000] [id=22260]
  0x000001c20082eb70 GCTaskThread "GC Thread#2" [stack: 0x0000000dd8800000,0x0000000dd8900000] [id=16348]
  0x000001c200825fe0 GCTaskThread "GC Thread#3" [stack: 0x0000000dd8900000,0x0000000dd8a00000] [id=7476]
  0x000001c26276e6e0 ConcurrentGCThread "G1 Main Marker" [stack: 0x0000000dd7600000,0x0000000dd7700000] [id=17720]
  0x000001c26276f100 ConcurrentGCThread "G1 Conc#0" [stack: 0x0000000dd7700000,0x0000000dd7800000] [id=21836]
  0x000001c2001480e0 ConcurrentGCThread "G1 Refine#0" [stack: 0x0000000dd7800000,0x0000000dd7900000] [id=4240]
  0x000001c24a82b230 ConcurrentGCThread "G1 Refine#1" [stack: 0x0000000dd8a00000,0x0000000dd8b00000] [id=22044]
  0x000001c200148b10 ConcurrentGCThread "G1 Service" [stack: 0x0000000dd7900000,0x0000000dd7a00000] [id=11888]

Threads with active compile tasks:
C2 CompilerThread0    49059 13045       4       org.jetbrains.kotlin.ir.util.IrFakeOverrideUtilsKt::resolveFakeOverride (74 bytes)
C2 CompilerThread1    49059 13044       4       org.jetbrains.kotlin.backend.jvm.caches.BridgeLoweringCache::canHaveSpecialBridge (152 bytes)

VM state: not at safepoint (normal execution)

VM Mutex/Monitor currently owned by a thread: None

Heap address: 0x0000000081800000, size: 2024 MB, Compressed Oops mode: 32-bit

CDS archive(s) mapped at: [0x000001c201000000-0x000001c201bb0000-0x000001c201bb0000), size 12255232, SharedBaseAddress: 0x000001c201000000, ArchiveRelocationMode: 1.
Compressed class space mapped at: 0x000001c202000000-0x000001c242000000, reserved size: 1073741824
Narrow klass base: 0x000001c201000000, Narrow klass shift: 0, Narrow klass range: 0x100000000

GC Precious Log:
 CPUs: 4 total, 4 available
 Memory: 8089M
 Large Page Support: Disabled
 NUMA Support: Disabled
 Compressed Oops: Enabled (32-bit)
 Heap Region Size: 1M
 Heap Min Capacity: 8M
 Heap Initial Capacity: 128M
 Heap Max Capacity: 2024M
 Pre-touch: Disabled
 Parallel Workers: 4
 Concurrent Workers: 1
 Concurrent Refinement Workers: 4
 Periodic GC: Disabled

Heap:
 garbage-first heap   total 219136K, used 101875K [0x0000000081800000, 0x0000000100000000)
  region size 1024K, 35 young (35840K), 2 survivors (2048K)
 Metaspace       used 74312K, committed 74624K, reserved 1179648K
  class space    used 8400K, committed 8576K, reserved 1048576K

Heap Regions: E=young(eden), S=young(survivor), O=old, HS=humongous(starts), HC=humongous(continues), CS=collection set, F=free, OA=open archive, CA=closed archive, TAMS=top-at-mark-start (previous, next)
|   0|0x0000000081800000, 0x0000000081900000, 0x0000000081900000|100%|HS|  |TAMS 0x0000000081900000, 0x0000000081800000| Complete 
|   1|0x0000000081900000, 0x0000000081a00000, 0x0000000081a00000|100%|HC|  |TAMS 0x0000000081a00000, 0x0000000081900000| Complete 
|   2|0x0000000081a00000, 0x0000000081b00000, 0x0000000081b00000|100%|HC|  |TAMS 0x0000000081b00000, 0x0000000081a00000| Complete 
|   3|0x0000000081b00000, 0x0000000081c00000, 0x0000000081c00000|100%|HC|  |TAMS 0x0000000081c00000, 0x0000000081b00000| Complete 
|   4|0x0000000081c00000, 0x0000000081d00000, 0x0000000081d00000|100%| O|  |TAMS 0x0000000081d00000, 0x0000000081c00000| Untracked 
|   5|0x0000000081d00000, 0x0000000081e00000, 0x0000000081e00000|100%| O|  |TAMS 0x0000000081e00000, 0x0000000081d00000| Untracked 
|   6|0x0000000081e00000, 0x0000000081f00000, 0x0000000081f00000|100%| O|  |TAMS 0x0000000081f00000, 0x0000000081e00000| Untracked 
|   7|0x0000000081f00000, 0x0000000082000000, 0x0000000082000000|100%|HS|  |TAMS 0x0000000082000000, 0x0000000081f00000| Complete 
|   8|0x0000000082000000, 0x0000000082100000, 0x0000000082100000|100%|HC|  |TAMS 0x0000000082100000, 0x0000000082000000| Complete 
|   9|0x0000000082100000, 0x0000000082200000, 0x0000000082200000|100%|HC|  |TAMS 0x0000000082200000, 0x0000000082100000| Complete 
|  10|0x0000000082200000, 0x0000000082300000, 0x0000000082300000|100%|HC|  |TAMS 0x0000000082300000, 0x0000000082200000| Complete 
|  11|0x0000000082300000, 0x0000000082400000, 0x0000000082400000|100%| O|  |TAMS 0x0000000082400000, 0x0000000082300000| Untracked 
|  12|0x0000000082400000, 0x0000000082500000, 0x0000000082500000|100%| O|  |TAMS 0x0000000082500000, 0x0000000082400000| Untracked 
|  13|0x0000000082500000, 0x0000000082600000, 0x0000000082600000|100%| O|  |TAMS 0x0000000082600000, 0x0000000082500000| Untracked 
|  14|0x0000000082600000, 0x0000000082700000, 0x0000000082700000|100%| O|  |TAMS 0x0000000082700000, 0x0000000082600000| Untracked 
|  15|0x0000000082700000, 0x0000000082800000, 0x0000000082800000|100%| O|  |TAMS 0x0000000082800000, 0x0000000082700000| Untracked 
|  16|0x0000000082800000, 0x0000000082900000, 0x0000000082900000|100%| O|  |TAMS 0x0000000082900000, 0x0000000082800000| Untracked 
|  17|0x0000000082900000, 0x0000000082a00000, 0x0000000082a00000|100%| O|  |TAMS 0x0000000082a00000, 0x0000000082900000| Untracked 
|  18|0x0000000082a00000, 0x0000000082b00000, 0x0000000082b00000|100%| O|  |TAMS 0x0000000082b00000, 0x0000000082a00000| Untracked 
|  19|0x0000000082b00000, 0x0000000082c00000, 0x0000000082c00000|100%| O|  |TAMS 0x0000000082c00000, 0x0000000082b00000| Untracked 
|  20|0x0000000082c00000, 0x0000000082d00000, 0x0000000082d00000|100%| O|  |TAMS 0x0000000082d00000, 0x0000000082c00000| Untracked 
|  21|0x0000000082d00000, 0x0000000082e00000, 0x0000000082e00000|100%| O|  |TAMS 0x0000000082e00000, 0x0000000082d00000| Untracked 
|  22|0x0000000082e00000, 0x0000000082f00000, 0x0000000082f00000|100%| O|  |TAMS 0x0000000082f00000, 0x0000000082e00000| Untracked 
|  23|0x0000000082f00000, 0x0000000083000000, 0x0000000083000000|100%|HS|  |TAMS 0x0000000083000000, 0x0000000082f00000| Complete 
|  24|0x0000000083000000, 0x0000000083100000, 0x0000000083100000|100%|HC|  |TAMS 0x0000000083100000, 0x0000000083000000| Complete 
|  25|0x0000000083100000, 0x0000000083200000, 0x0000000083200000|100%| O|  |TAMS 0x0000000083200000, 0x0000000083100000| Untracked 
|  26|0x0000000083200000, 0x0000000083300000, 0x0000000083300000|100%| O|  |TAMS 0x0000000083300000, 0x0000000083200000| Untracked 
|  27|0x0000000083300000, 0x0000000083400000, 0x0000000083400000|100%| O|  |TAMS 0x0000000083400000, 0x0000000083300000| Untracked 
|  28|0x0000000083400000, 0x0000000083500000, 0x0000000083500000|100%| O|  |TAMS 0x0000000083500000, 0x0000000083400000| Untracked 
|  29|0x0000000083500000, 0x0000000083500000, 0x0000000083600000|  0%| F|  |TAMS 0x0000000083500000, 0x0000000083500000| Untracked 
|  30|0x0000000083600000, 0x0000000083700000, 0x0000000083700000|100%| O|  |TAMS 0x0000000083700000, 0x0000000083600000| Untracked 
|  31|0x0000000083700000, 0x0000000083800000, 0x0000000083800000|100%| O|  |TAMS 0x0000000083800000, 0x0000000083700000| Untracked 
|  32|0x0000000083800000, 0x0000000083900000, 0x0000000083900000|100%| O|  |TAMS 0x0000000083900000, 0x0000000083800000| Untracked 
|  33|0x0000000083900000, 0x0000000083a00000, 0x0000000083a00000|100%| O|  |TAMS 0x0000000083a00000, 0x0000000083900000| Untracked 
|  34|0x0000000083a00000, 0x0000000083b00000, 0x0000000083b00000|100%| O|  |TAMS 0x0000000083b00000, 0x0000000083a00000| Untracked 
|  35|0x0000000083b00000, 0x0000000083c00000, 0x0000000083c00000|100%| O|  |TAMS 0x0000000083c00000, 0x0000000083b00000| Untracked 
|  36|0x0000000083c00000, 0x0000000083d00000, 0x0000000083d00000|100%| O|  |TAMS 0x0000000083d00000, 0x0000000083c00000| Untracked 
|  37|0x0000000083d00000, 0x0000000083e00000, 0x0000000083e00000|100%| O|  |TAMS 0x0000000083e00000, 0x0000000083d00000| Untracked 
|  38|0x0000000083e00000, 0x0000000083f00000, 0x0000000083f00000|100%| O|  |TAMS 0x0000000083f00000, 0x0000000083e00000| Untracked 
|  39|0x0000000083f00000, 0x0000000084000000, 0x0000000084000000|100%| O|  |TAMS 0x0000000084000000, 0x0000000083f00000| Untracked 
|  40|0x0000000084000000, 0x0000000084100000, 0x0000000084100000|100%| O|  |TAMS 0x0000000084100000, 0x0000000084000000| Untracked 
|  41|0x0000000084100000, 0x0000000084200000, 0x0000000084200000|100%| O|  |TAMS 0x0000000084200000, 0x0000000084100000| Untracked 
|  42|0x0000000084200000, 0x0000000084300000, 0x0000000084300000|100%| O|  |TAMS 0x0000000084300000, 0x0000000084200000| Untracked 
|  43|0x0000000084300000, 0x0000000084400000, 0x0000000084400000|100%| O|  |TAMS 0x0000000084400000, 0x0000000084300000| Untracked 
|  44|0x0000000084400000, 0x0000000084500000, 0x0000000084500000|100%| O|  |TAMS 0x0000000084500000, 0x0000000084400000| Untracked 
|  45|0x0000000084500000, 0x0000000084600000, 0x0000000084600000|100%| O|  |TAMS 0x0000000084600000, 0x0000000084500000| Untracked 
|  46|0x0000000084600000, 0x0000000084700000, 0x0000000084700000|100%| O|  |TAMS 0x0000000084700000, 0x0000000084600000| Untracked 
|  47|0x0000000084700000, 0x0000000084800000, 0x0000000084800000|100%| O|  |TAMS 0x0000000084800000, 0x0000000084700000| Untracked 
|  48|0x0000000084800000, 0x0000000084900000, 0x0000000084900000|100%| O|  |TAMS 0x0000000084900000, 0x0000000084800000| Untracked 
|  49|0x0000000084900000, 0x0000000084a00000, 0x0000000084a00000|100%| O|  |TAMS 0x0000000084a00000, 0x0000000084900000| Untracked 
|  50|0x0000000084a00000, 0x0000000084b00000, 0x0000000084b00000|100%| O|  |TAMS 0x0000000084b00000, 0x0000000084a00000| Untracked 
|  51|0x0000000084b00000, 0x0000000084c00000, 0x0000000084c00000|100%| O|  |TAMS 0x0000000084c00000, 0x0000000084b00000| Untracked 
|  52|0x0000000084c00000, 0x0000000084d00000, 0x0000000084d00000|100%| O|  |TAMS 0x0000000084d00000, 0x0000000084c00000| Untracked 
|  53|0x0000000084d00000, 0x0000000084e00000, 0x0000000084e00000|100%| O|  |TAMS 0x0000000084e00000, 0x0000000084d00000| Untracked 
|  54|0x0000000084e00000, 0x0000000084f00000, 0x0000000084f00000|100%| O|  |TAMS 0x0000000084f00000, 0x0000000084e00000| Untracked 
|  55|0x0000000084f00000, 0x0000000085000000, 0x0000000085000000|100%| O|  |TAMS 0x0000000085000000, 0x0000000084f00000| Complete 
|  56|0x0000000085000000, 0x0000000085100000, 0x0000000085100000|100%| O|  |TAMS 0x0000000085100000, 0x0000000085000000| Untracked 
|  57|0x0000000085100000, 0x0000000085200000, 0x0000000085200000|100%| O|  |TAMS 0x0000000085200000, 0x0000000085100000| Untracked 
|  58|0x0000000085200000, 0x0000000085300000, 0x0000000085300000|100%| O|  |TAMS 0x0000000085300000, 0x0000000085200000| Untracked 
|  59|0x0000000085300000, 0x0000000085400000, 0x0000000085400000|100%| O|  |TAMS 0x0000000085400000, 0x0000000085300000| Untracked 
|  60|0x0000000085400000, 0x0000000085500000, 0x0000000085500000|100%| O|  |TAMS 0x0000000085500000, 0x0000000085400000| Untracked 
|  61|0x0000000085500000, 0x0000000085600000, 0x0000000085600000|100%| O|  |TAMS 0x0000000085600000, 0x0000000085500000| Untracked 
|  62|0x0000000085600000, 0x0000000085700000, 0x0000000085700000|100%| O|  |TAMS 0x0000000085700000, 0x0000000085600000| Untracked 
|  63|0x0000000085700000, 0x0000000085800000, 0x0000000085800000|100%| O|  |TAMS 0x0000000085800000, 0x0000000085700000| Untracked 
|  64|0x0000000085800000, 0x0000000085900000, 0x0000000085900000|100%| O|  |TAMS 0x0000000085900000, 0x0000000085800000| Untracked 
|  65|0x0000000085900000, 0x0000000085a00000, 0x0000000085a00000|100%| O|  |TAMS 0x0000000085a00000, 0x0000000085900000| Untracked 
|  66|0x0000000085a00000, 0x0000000085b00000, 0x0000000085b00000|100%| O|  |TAMS 0x0000000085b00000, 0x0000000085a00000| Untracked 
|  67|0x0000000085b00000, 0x0000000085b00000, 0x0000000085c00000|  0%| F|  |TAMS 0x0000000085b00000, 0x0000000085b00000| Untracked 
|  68|0x0000000085c00000, 0x0000000085c00000, 0x0000000085d00000|  0%| F|  |TAMS 0x0000000085c00000, 0x0000000085c00000| Untracked 
|  69|0x0000000085d00000, 0x0000000085d00000, 0x0000000085e00000|  0%| F|  |TAMS 0x0000000085d00000, 0x0000000085d00000| Untracked 
|  70|0x0000000085e00000, 0x0000000085e00000, 0x0000000085f00000|  0%| F|  |TAMS 0x0000000085e00000, 0x0000000085e00000| Untracked 
|  71|0x0000000085f00000, 0x0000000085f00000, 0x0000000086000000|  0%| F|  |TAMS 0x0000000085f00000, 0x0000000085f00000| Untracked 
|  72|0x0000000086000000, 0x0000000086000000, 0x0000000086100000|  0%| F|  |TAMS 0x0000000086000000, 0x0000000086000000| Untracked 
|  73|0x0000000086100000, 0x0000000086100000, 0x0000000086200000|  0%| F|  |TAMS 0x0000000086100000, 0x0000000086100000| Untracked 
|  74|0x0000000086200000, 0x0000000086200000, 0x0000000086300000|  0%| F|  |TAMS 0x0000000086200000, 0x0000000086200000| Untracked 
|  75|0x0000000086300000, 0x0000000086300000, 0x0000000086400000|  0%| F|  |TAMS 0x0000000086300000, 0x0000000086300000| Untracked 
|  76|0x0000000086400000, 0x0000000086400000, 0x0000000086500000|  0%| F|  |TAMS 0x0000000086400000, 0x0000000086400000| Untracked 
|  77|0x0000000086500000, 0x0000000086500000, 0x0000000086600000|  0%| F|  |TAMS 0x0000000086500000, 0x0000000086500000| Untracked 
|  78|0x0000000086600000, 0x0000000086600000, 0x0000000086700000|  0%| F|  |TAMS 0x0000000086600000, 0x0000000086600000| Untracked 
|  79|0x0000000086700000, 0x0000000086700000, 0x0000000086800000|  0%| F|  |TAMS 0x0000000086700000, 0x0000000086700000| Untracked 
|  80|0x0000000086800000, 0x0000000086800000, 0x0000000086900000|  0%| F|  |TAMS 0x0000000086800000, 0x0000000086800000| Untracked 
|  81|0x0000000086900000, 0x0000000086900000, 0x0000000086a00000|  0%| F|  |TAMS 0x0000000086900000, 0x0000000086900000| Untracked 
|  82|0x0000000086a00000, 0x0000000086a00000, 0x0000000086b00000|  0%| F|  |TAMS 0x0000000086a00000, 0x0000000086a00000| Untracked 
|  83|0x0000000086b00000, 0x0000000086b00000, 0x0000000086c00000|  0%| F|  |TAMS 0x0000000086b00000, 0x0000000086b00000| Untracked 
|  84|0x0000000086c00000, 0x0000000086c00000, 0x0000000086d00000|  0%| F|  |TAMS 0x0000000086c00000, 0x0000000086c00000| Untracked 
|  85|0x0000000086d00000, 0x0000000086d00000, 0x0000000086e00000|  0%| F|  |TAMS 0x0000000086d00000, 0x0000000086d00000| Untracked 
|  86|0x0000000086e00000, 0x0000000086e7cde0, 0x0000000086f00000| 48%| S|CS|TAMS 0x0000000086e00000, 0x0000000086e00000| Complete 
|  87|0x0000000086f00000, 0x0000000087000000, 0x0000000087000000|100%| S|CS|TAMS 0x0000000086f00000, 0x0000000086f00000| Complete 
|  88|0x0000000087000000, 0x0000000087000000, 0x0000000087100000|  0%| F|  |TAMS 0x0000000087000000, 0x0000000087000000| Untracked 
|  89|0x0000000087100000, 0x0000000087100000, 0x0000000087200000|  0%| F|  |TAMS 0x0000000087100000, 0x0000000087100000| Untracked 
|  90|0x0000000087200000, 0x0000000087200000, 0x0000000087300000|  0%| F|  |TAMS 0x0000000087200000, 0x0000000087200000| Untracked 
|  91|0x0000000087300000, 0x0000000087300000, 0x0000000087400000|  0%| F|  |TAMS 0x0000000087300000, 0x0000000087300000| Untracked 
|  92|0x0000000087400000, 0x0000000087400000, 0x0000000087500000|  0%| F|  |TAMS 0x0000000087400000, 0x0000000087400000| Untracked 
|  93|0x0000000087500000, 0x0000000087500000, 0x0000000087600000|  0%| F|  |TAMS 0x0000000087500000, 0x0000000087500000| Untracked 
|  94|0x0000000087600000, 0x0000000087600000, 0x0000000087700000|  0%| F|  |TAMS 0x0000000087600000, 0x0000000087600000| Untracked 
|  95|0x0000000087700000, 0x0000000087700000, 0x0000000087800000|  0%| F|  |TAMS 0x0000000087700000, 0x0000000087700000| Untracked 
|  96|0x0000000087800000, 0x0000000087800000, 0x0000000087900000|  0%| F|  |TAMS 0x0000000087800000, 0x0000000087800000| Untracked 
|  97|0x0000000087900000, 0x0000000087900000, 0x0000000087a00000|  0%| F|  |TAMS 0x0000000087900000, 0x0000000087900000| Untracked 
|  98|0x0000000087a00000, 0x0000000087a00000, 0x0000000087b00000|  0%| F|  |TAMS 0x0000000087a00000, 0x0000000087a00000| Untracked 
|  99|0x0000000087b00000, 0x0000000087b00000, 0x0000000087c00000|  0%| F|  |TAMS 0x0000000087b00000, 0x0000000087b00000| Untracked 
| 100|0x0000000087c00000, 0x0000000087c00000, 0x0000000087d00000|  0%| F|  |TAMS 0x0000000087c00000, 0x0000000087c00000| Untracked 
| 101|0x0000000087d00000, 0x0000000087d00000, 0x0000000087e00000|  0%| F|  |TAMS 0x0000000087d00000, 0x0000000087d00000| Untracked 
| 102|0x0000000087e00000, 0x0000000087e00000, 0x0000000087f00000|  0%| F|  |TAMS 0x0000000087e00000, 0x0000000087e00000| Untracked 
| 103|0x0000000087f00000, 0x0000000087f00000, 0x0000000088000000|  0%| F|  |TAMS 0x0000000087f00000, 0x0000000087f00000| Untracked 
| 104|0x0000000088000000, 0x0000000088000000, 0x0000000088100000|  0%| F|  |TAMS 0x0000000088000000, 0x0000000088000000| Untracked 
| 105|0x0000000088100000, 0x0000000088100000, 0x0000000088200000|  0%| F|  |TAMS 0x0000000088100000, 0x0000000088100000| Untracked 
| 106|0x0000000088200000, 0x0000000088200000, 0x0000000088300000|  0%| F|  |TAMS 0x0000000088200000, 0x0000000088200000| Untracked 
| 107|0x0000000088300000, 0x0000000088300000, 0x0000000088400000|  0%| F|  |TAMS 0x0000000088300000, 0x0000000088300000| Untracked 
| 108|0x0000000088400000, 0x0000000088400000, 0x0000000088500000|  0%| F|  |TAMS 0x0000000088400000, 0x0000000088400000| Untracked 
| 109|0x0000000088500000, 0x0000000088500000, 0x0000000088600000|  0%| F|  |TAMS 0x0000000088500000, 0x0000000088500000| Untracked 
| 110|0x0000000088600000, 0x0000000088600000, 0x0000000088700000|  0%| F|  |TAMS 0x0000000088600000, 0x0000000088600000| Untracked 
| 111|0x0000000088700000, 0x0000000088700000, 0x0000000088800000|  0%| F|  |TAMS 0x0000000088700000, 0x0000000088700000| Untracked 
| 112|0x0000000088800000, 0x0000000088800000, 0x0000000088900000|  0%| F|  |TAMS 0x0000000088800000, 0x0000000088800000| Untracked 
| 113|0x0000000088900000, 0x0000000088900000, 0x0000000088a00000|  0%| F|  |TAMS 0x0000000088900000, 0x0000000088900000| Untracked 
| 114|0x0000000088a00000, 0x0000000088a00000, 0x0000000088b00000|  0%| F|  |TAMS 0x0000000088a00000, 0x0000000088a00000| Untracked 
| 115|0x0000000088b00000, 0x0000000088b00000, 0x0000000088c00000|  0%| F|  |TAMS 0x0000000088b00000, 0x0000000088b00000| Untracked 
| 116|0x0000000088c00000, 0x0000000088c00000, 0x0000000088d00000|  0%| F|  |TAMS 0x0000000088c00000, 0x0000000088c00000| Untracked 
| 117|0x0000000088d00000, 0x0000000088d00000, 0x0000000088e00000|  0%| F|  |TAMS 0x0000000088d00000, 0x0000000088d00000| Untracked 
| 118|0x0000000088e00000, 0x0000000088e00000, 0x0000000088f00000|  0%| F|  |TAMS 0x0000000088e00000, 0x0000000088e00000| Untracked 
| 119|0x0000000088f00000, 0x0000000088f00000, 0x0000000089000000|  0%| F|  |TAMS 0x0000000088f00000, 0x0000000088f00000| Untracked 
| 120|0x0000000089000000, 0x0000000089000000, 0x0000000089100000|  0%| F|  |TAMS 0x0000000089000000, 0x0000000089000000| Untracked 
| 121|0x0000000089100000, 0x0000000089100000, 0x0000000089200000|  0%| F|  |TAMS 0x0000000089100000, 0x0000000089100000| Untracked 
| 122|0x0000000089200000, 0x0000000089200000, 0x0000000089300000|  0%| F|  |TAMS 0x0000000089200000, 0x0000000089200000| Untracked 
| 123|0x0000000089300000, 0x0000000089300000, 0x0000000089400000|  0%| F|  |TAMS 0x0000000089300000, 0x0000000089300000| Untracked 
| 124|0x0000000089400000, 0x0000000089400000, 0x0000000089500000|  0%| F|  |TAMS 0x0000000089400000, 0x0000000089400000| Untracked 
| 125|0x0000000089500000, 0x0000000089500000, 0x0000000089600000|  0%| F|  |TAMS 0x0000000089500000, 0x0000000089500000| Untracked 
| 126|0x0000000089600000, 0x0000000089600000, 0x0000000089700000|  0%| F|  |TAMS 0x0000000089600000, 0x0000000089600000| Untracked 
| 127|0x0000000089700000, 0x0000000089700000, 0x0000000089800000|  0%| F|  |TAMS 0x0000000089700000, 0x0000000089700000| Untracked 
| 128|0x0000000089800000, 0x0000000089800000, 0x0000000089900000|  0%| F|  |TAMS 0x0000000089800000, 0x0000000089800000| Untracked 
| 129|0x0000000089900000, 0x0000000089900000, 0x0000000089a00000|  0%| F|  |TAMS 0x0000000089900000, 0x0000000089900000| Untracked 
| 130|0x0000000089a00000, 0x0000000089a00000, 0x0000000089b00000|  0%| F|  |TAMS 0x0000000089a00000, 0x0000000089a00000| Untracked 
| 131|0x0000000089b00000, 0x0000000089b00000, 0x0000000089c00000|  0%| F|  |TAMS 0x0000000089b00000, 0x0000000089b00000| Untracked 
| 132|0x0000000089c00000, 0x0000000089c00000, 0x0000000089d00000|  0%| F|  |TAMS 0x0000000089c00000, 0x0000000089c00000| Untracked 
| 133|0x0000000089d00000, 0x0000000089d00000, 0x0000000089e00000|  0%| F|  |TAMS 0x0000000089d00000, 0x0000000089d00000| Untracked 
| 134|0x0000000089e00000, 0x0000000089e00000, 0x0000000089f00000|  0%| F|  |TAMS 0x0000000089e00000, 0x0000000089e00000| Untracked 
| 135|0x0000000089f00000, 0x0000000089f00000, 0x000000008a000000|  0%| F|  |TAMS 0x0000000089f00000, 0x0000000089f00000| Untracked 
| 136|0x000000008a000000, 0x000000008a000000, 0x000000008a100000|  0%| F|  |TAMS 0x000000008a000000, 0x000000008a000000| Untracked 
| 137|0x000000008a100000, 0x000000008a100000, 0x000000008a200000|  0%| F|  |TAMS 0x000000008a100000, 0x000000008a100000| Untracked 
| 138|0x000000008a200000, 0x000000008a200000, 0x000000008a300000|  0%| F|  |TAMS 0x000000008a200000, 0x000000008a200000| Untracked 
| 139|0x000000008a300000, 0x000000008a300000, 0x000000008a400000|  0%| F|  |TAMS 0x000000008a300000, 0x000000008a300000| Untracked 
| 140|0x000000008a400000, 0x000000008a400000, 0x000000008a500000|  0%| F|  |TAMS 0x000000008a400000, 0x000000008a400000| Untracked 
| 141|0x000000008a500000, 0x000000008a500000, 0x000000008a600000|  0%| F|  |TAMS 0x000000008a500000, 0x000000008a500000| Untracked 
| 142|0x000000008a600000, 0x000000008a600000, 0x000000008a700000|  0%| F|  |TAMS 0x000000008a600000, 0x000000008a600000| Untracked 
| 143|0x000000008a700000, 0x000000008a700000, 0x000000008a800000|  0%| F|  |TAMS 0x000000008a700000, 0x000000008a700000| Untracked 
| 144|0x000000008a800000, 0x000000008a800000, 0x000000008a900000|  0%| F|  |TAMS 0x000000008a800000, 0x000000008a800000| Untracked 
| 145|0x000000008a900000, 0x000000008a900000, 0x000000008aa00000|  0%| F|  |TAMS 0x000000008a900000, 0x000000008a900000| Untracked 
| 146|0x000000008aa00000, 0x000000008aa00000, 0x000000008ab00000|  0%| F|  |TAMS 0x000000008aa00000, 0x000000008aa00000| Untracked 
| 147|0x000000008ab00000, 0x000000008ab00000, 0x000000008ac00000|  0%| F|  |TAMS 0x000000008ab00000, 0x000000008ab00000| Untracked 
| 148|0x000000008ac00000, 0x000000008ac00000, 0x000000008ad00000|  0%| F|  |TAMS 0x000000008ac00000, 0x000000008ac00000| Untracked 
| 149|0x000000008ad00000, 0x000000008ad00000, 0x000000008ae00000|  0%| F|  |TAMS 0x000000008ad00000, 0x000000008ad00000| Untracked 
| 150|0x000000008ae00000, 0x000000008ae00000, 0x000000008af00000|  0%| F|  |TAMS 0x000000008ae00000, 0x000000008ae00000| Untracked 
| 151|0x000000008af00000, 0x000000008af00000, 0x000000008b000000|  0%| F|  |TAMS 0x000000008af00000, 0x000000008af00000| Untracked 
| 152|0x000000008b000000, 0x000000008b000000, 0x000000008b100000|  0%| F|  |TAMS 0x000000008b000000, 0x000000008b000000| Untracked 
| 153|0x000000008b100000, 0x000000008b100000, 0x000000008b200000|  0%| F|  |TAMS 0x000000008b100000, 0x000000008b100000| Untracked 
| 154|0x000000008b200000, 0x000000008b200000, 0x000000008b300000|  0%| F|  |TAMS 0x000000008b200000, 0x000000008b200000| Untracked 
| 155|0x000000008b300000, 0x000000008b300000, 0x000000008b400000|  0%| F|  |TAMS 0x000000008b300000, 0x000000008b300000| Untracked 
| 156|0x000000008b400000, 0x000000008b400000, 0x000000008b500000|  0%| F|  |TAMS 0x000000008b400000, 0x000000008b400000| Untracked 
| 157|0x000000008b500000, 0x000000008b500000, 0x000000008b600000|  0%| F|  |TAMS 0x000000008b500000, 0x000000008b500000| Untracked 
| 158|0x000000008b600000, 0x000000008b600000, 0x000000008b700000|  0%| F|  |TAMS 0x000000008b600000, 0x000000008b600000| Untracked 
| 159|0x000000008b700000, 0x000000008b700000, 0x000000008b800000|  0%| F|  |TAMS 0x000000008b700000, 0x000000008b700000| Untracked 
| 160|0x000000008b800000, 0x000000008b800000, 0x000000008b900000|  0%| F|  |TAMS 0x000000008b800000, 0x000000008b800000| Untracked 
| 161|0x000000008b900000, 0x000000008b900000, 0x000000008ba00000|  0%| F|  |TAMS 0x000000008b900000, 0x000000008b900000| Untracked 
| 162|0x000000008ba00000, 0x000000008ba00000, 0x000000008bb00000|  0%| F|  |TAMS 0x000000008ba00000, 0x000000008ba00000| Untracked 
| 163|0x000000008bb00000, 0x000000008bb00000, 0x000000008bc00000|  0%| F|  |TAMS 0x000000008bb00000, 0x000000008bb00000| Untracked 
| 164|0x000000008bc00000, 0x000000008bc00000, 0x000000008bd00000|  0%| F|  |TAMS 0x000000008bc00000, 0x000000008bc00000| Untracked 
| 165|0x000000008bd00000, 0x000000008bd00000, 0x000000008be00000|  0%| F|  |TAMS 0x000000008bd00000, 0x000000008bd00000| Untracked 
| 166|0x000000008be00000, 0x000000008be00000, 0x000000008bf00000|  0%| F|  |TAMS 0x000000008be00000, 0x000000008be00000| Untracked 
| 167|0x000000008bf00000, 0x000000008bf00000, 0x000000008c000000|  0%| F|  |TAMS 0x000000008bf00000, 0x000000008bf00000| Untracked 
| 168|0x000000008c000000, 0x000000008c000000, 0x000000008c100000|  0%| F|  |TAMS 0x000000008c000000, 0x000000008c000000| Untracked 
| 169|0x000000008c100000, 0x000000008c100000, 0x000000008c200000|  0%| F|  |TAMS 0x000000008c100000, 0x000000008c100000| Untracked 
| 170|0x000000008c200000, 0x000000008c200000, 0x000000008c300000|  0%| F|  |TAMS 0x000000008c200000, 0x000000008c200000| Untracked 
| 171|0x000000008c300000, 0x000000008c300000, 0x000000008c400000|  0%| F|  |TAMS 0x000000008c300000, 0x000000008c300000| Untracked 
| 172|0x000000008c400000, 0x000000008c400000, 0x000000008c500000|  0%| F|  |TAMS 0x000000008c400000, 0x000000008c400000| Untracked 
| 173|0x000000008c500000, 0x000000008c500000, 0x000000008c600000|  0%| F|  |TAMS 0x000000008c500000, 0x000000008c500000| Untracked 
| 174|0x000000008c600000, 0x000000008c600000, 0x000000008c700000|  0%| F|  |TAMS 0x000000008c600000, 0x000000008c600000| Untracked 
| 175|0x000000008c700000, 0x000000008c700000, 0x000000008c800000|  0%| F|  |TAMS 0x000000008c700000, 0x000000008c700000| Untracked 
| 176|0x000000008c800000, 0x000000008c800000, 0x000000008c900000|  0%| F|  |TAMS 0x000000008c800000, 0x000000008c800000| Untracked 
| 177|0x000000008c900000, 0x000000008c900000, 0x000000008ca00000|  0%| F|  |TAMS 0x000000008c900000, 0x000000008c900000| Untracked 
| 178|0x000000008ca00000, 0x000000008ca00000, 0x000000008cb00000|  0%| F|  |TAMS 0x000000008ca00000, 0x000000008ca00000| Untracked 
| 179|0x000000008cb00000, 0x000000008cb00000, 0x000000008cc00000|  0%| F|  |TAMS 0x000000008cb00000, 0x000000008cb00000| Untracked 
| 180|0x000000008cc00000, 0x000000008cc00000, 0x000000008cd00000|  0%| F|  |TAMS 0x000000008cc00000, 0x000000008cc00000| Untracked 
| 181|0x000000008cd00000, 0x000000008cd80800, 0x000000008ce00000| 50%| E|  |TAMS 0x000000008cd00000, 0x000000008cd00000| Complete 
| 182|0x000000008ce00000, 0x000000008cf00000, 0x000000008cf00000|100%| E|CS|TAMS 0x000000008ce00000, 0x000000008ce00000| Complete 
| 183|0x000000008cf00000, 0x000000008d000000, 0x000000008d000000|100%| E|CS|TAMS 0x000000008cf00000, 0x000000008cf00000| Complete 
| 184|0x000000008d000000, 0x000000008d100000, 0x000000008d100000|100%| E|CS|TAMS 0x000000008d000000, 0x000000008d000000| Complete 
| 185|0x000000008d100000, 0x000000008d200000, 0x000000008d200000|100%| E|CS|TAMS 0x000000008d100000, 0x000000008d100000| Complete 
| 186|0x000000008d200000, 0x000000008d300000, 0x000000008d300000|100%| E|CS|TAMS 0x000000008d200000, 0x000000008d200000| Complete 
| 187|0x000000008d300000, 0x000000008d400000, 0x000000008d400000|100%| E|CS|TAMS 0x000000008d300000, 0x000000008d300000| Complete 
| 188|0x000000008d400000, 0x000000008d500000, 0x000000008d500000|100%| E|CS|TAMS 0x000000008d400000, 0x000000008d400000| Complete 
| 189|0x000000008d500000, 0x000000008d600000, 0x000000008d600000|100%| E|CS|TAMS 0x000000008d500000, 0x000000008d500000| Complete 
| 190|0x000000008d600000, 0x000000008d700000, 0x000000008d700000|100%| E|CS|TAMS 0x000000008d600000, 0x000000008d600000| Complete 
| 191|0x000000008d700000, 0x000000008d800000, 0x000000008d800000|100%| E|CS|TAMS 0x000000008d700000, 0x000000008d700000| Complete 
| 192|0x000000008d800000, 0x000000008d900000, 0x000000008d900000|100%| E|CS|TAMS 0x000000008d800000, 0x000000008d800000| Complete 
| 193|0x000000008d900000, 0x000000008da00000, 0x000000008da00000|100%| E|CS|TAMS 0x000000008d900000, 0x000000008d900000| Complete 
| 194|0x000000008da00000, 0x000000008db00000, 0x000000008db00000|100%| E|CS|TAMS 0x000000008da00000, 0x000000008da00000| Complete 
| 195|0x000000008db00000, 0x000000008dc00000, 0x000000008dc00000|100%| E|CS|TAMS 0x000000008db00000, 0x000000008db00000| Complete 
| 196|0x000000008dc00000, 0x000000008dd00000, 0x000000008dd00000|100%| E|CS|TAMS 0x000000008dc00000, 0x000000008dc00000| Complete 
| 197|0x000000008dd00000, 0x000000008de00000, 0x000000008de00000|100%| E|CS|TAMS 0x000000008dd00000, 0x000000008dd00000| Complete 
| 198|0x000000008de00000, 0x000000008df00000, 0x000000008df00000|100%| E|CS|TAMS 0x000000008de00000, 0x000000008de00000| Complete 
| 199|0x000000008df00000, 0x000000008e000000, 0x000000008e000000|100%| E|CS|TAMS 0x000000008df00000, 0x000000008df00000| Complete 
| 200|0x000000008e000000, 0x000000008e100000, 0x000000008e100000|100%| E|CS|TAMS 0x000000008e000000, 0x000000008e000000| Complete 
| 201|0x000000008e100000, 0x000000008e200000, 0x000000008e200000|100%| E|CS|TAMS 0x000000008e100000, 0x000000008e100000| Complete 
| 202|0x000000008e200000, 0x000000008e300000, 0x000000008e300000|100%| E|CS|TAMS 0x000000008e200000, 0x000000008e200000| Complete 
| 203|0x000000008e300000, 0x000000008e400000, 0x000000008e400000|100%| E|CS|TAMS 0x000000008e300000, 0x000000008e300000| Complete 
| 204|0x000000008e400000, 0x000000008e500000, 0x000000008e500000|100%| E|CS|TAMS 0x000000008e400000, 0x000000008e400000| Complete 
| 205|0x000000008e500000, 0x000000008e600000, 0x000000008e600000|100%| E|CS|TAMS 0x000000008e500000, 0x000000008e500000| Complete 
| 206|0x000000008e600000, 0x000000008e700000, 0x000000008e700000|100%| E|CS|TAMS 0x000000008e600000, 0x000000008e600000| Complete 
| 207|0x000000008e700000, 0x000000008e800000, 0x000000008e800000|100%| E|CS|TAMS 0x000000008e700000, 0x000000008e700000| Complete 
| 208|0x000000008e800000, 0x000000008e900000, 0x000000008e900000|100%| E|CS|TAMS 0x000000008e800000, 0x000000008e800000| Complete 
| 209|0x000000008e900000, 0x000000008ea00000, 0x000000008ea00000|100%| E|CS|TAMS 0x000000008e900000, 0x000000008e900000| Complete 
| 210|0x000000008ea00000, 0x000000008eb00000, 0x000000008eb00000|100%| E|CS|TAMS 0x000000008ea00000, 0x000000008ea00000| Complete 
| 211|0x000000008eb00000, 0x000000008ec00000, 0x000000008ec00000|100%| E|CS|TAMS 0x000000008eb00000, 0x000000008eb00000| Complete 
| 212|0x000000008ec00000, 0x000000008ed00000, 0x000000008ed00000|100%| E|CS|TAMS 0x000000008ec00000, 0x000000008ec00000| Complete 
| 213|0x000000008ed00000, 0x000000008ee00000, 0x000000008ee00000|100%| E|CS|TAMS 0x000000008ed00000, 0x000000008ed00000| Complete 

Card table byte_map: [0x000001c279620000,0x000001c279a20000] _byte_map_base: 0x000001c279214000

Marking Bits (Prev, Next): (CMBitMap*) 0x000001c26275e0b0, (CMBitMap*) 0x000001c26275e0f0
 Prev Bits: [0x000001c279e20000, 0x000001c27bdc0000)
 Next Bits: [0x000001c27bdc0000, 0x000001c27dd60000)

Polling page: 0x000001c260860000

Metaspace:

Usage:
  Non-class:     64.37 MB used.
      Class:      8.20 MB used.
       Both:     72.57 MB used.

Virtual space:
  Non-class space:      128.00 MB reserved,      64.50 MB ( 50%) committed,  2 nodes.
      Class space:        1.00 GB reserved,       8.38 MB ( <1%) committed,  1 nodes.
             Both:        1.12 GB reserved,      72.88 MB (  6%) committed. 

Chunk freelists:
   Non-Class:  15.44 MB
       Class:  7.47 MB
        Both:  22.91 MB

MaxMetaspaceSize: unlimited
CompressedClassSpaceSize: 1.00 GB
Initial GC threshold: 21.00 MB
Current GC threshold: 120.25 MB
CDS: on
MetaspaceReclaimPolicy: balanced
 - commit_granule_bytes: 65536.
 - commit_granule_words: 8192.
 - virtual_space_node_default_size: 8388608.
 - enlarge_chunks_in_place: 1.
 - new_chunks_are_fully_committed: 0.
 - uncommit_free_chunks: 1.
 - use_allocation_guard: 0.
 - handle_deallocations: 1.


Internal statistics:

num_allocs_failed_limit: 6.
num_arena_births: 380.
num_arena_deaths: 0.
num_vsnodes_births: 3.
num_vsnodes_deaths: 0.
num_space_committed: 1164.
num_space_uncommitted: 0.
num_chunks_returned_to_freelist: 6.
num_chunks_taken_from_freelist: 2991.
num_chunk_merges: 6.
num_chunk_splits: 2439.
num_chunks_enlarged: 2168.
num_inconsistent_stats: 0.

CodeHeap 'non-profiled nmethods': size=120000Kb used=5913Kb max_used=5913Kb free=114086Kb
 bounds [0x000001c271cf0000, 0x000001c2722c0000, 0x000001c279220000]
CodeHeap 'profiled nmethods': size=120000Kb used=35057Kb max_used=35057Kb free=84942Kb
 bounds [0x000001c26a220000, 0x000001c26c460000, 0x000001c271750000]
CodeHeap 'non-nmethods': size=5760Kb used=1403Kb max_used=1462Kb free=4356Kb
 bounds [0x000001c271750000, 0x000001c2719c0000, 0x000001c271cf0000]
 total_blobs=12053 nmethods=11318 adapters=642
 compilation: enabled
              stopped_count=0, restarted_count=0
 full_count=0

Compilation events (20 events):
Event: 48.950 Thread 0x000001c2002b5cb0 13036       3       org.jetbrains.kotlin.backend.jvm.lower.AddContinuationLowering$addContinuationObjectAndContinuationParameterToSuspendFunctions$1::visitValueAccess (10 bytes)
Event: 48.951 Thread 0x000001c2002b5cb0 nmethod 13036 0x000001c26c456a10 code [0x000001c26c456ce0, 0x000001c26c457c08]
Event: 48.951 Thread 0x000001c2002b5cb0 13038       1       org.jetbrains.kotlin.ir.declarations.impl.IrClassImpl::isInner (5 bytes)
Event: 48.951 Thread 0x000001c2002b5cb0 nmethod 13038 0x000001c2722b6190 code [0x000001c2722b6320, 0x000001c2722b63f8]
Event: 48.951 Thread 0x000001c2002b5cb0 13033       3       org.jetbrains.kotlin.backend.jvm.lower.TailCallOptimizationLowering$lower$1::visitValueAccess (10 bytes)
Event: 48.953 Thread 0x000001c2002b5cb0 nmethod 13033 0x000001c26c458110 code [0x000001c26c4583e0, 0x000001c26c459308]
Event: 48.953 Thread 0x000001c2002b5cb0 13034       3       org.jetbrains.kotlin.backend.jvm.lower.TailCallOptimizationLowering$lower$1::visitValueAccess (7 bytes)
Event: 48.954 Thread 0x000001c2002b5cb0 nmethod 13034 0x000001c26c459810 code [0x000001c26c459b00, 0x000001c26c45ab78]
Event: 48.956 Thread 0x000001c2002b5cb0 13039       3       org.jetbrains.kotlin.ir.declarations.IrTypeParameter::transform (10 bytes)
Event: 48.958 Thread 0x000001c2002b5cb0 nmethod 13039 0x000001c26c45b110 code [0x000001c26c45b440, 0x000001c26c45c7d8]
Event: 48.958 Thread 0x000001c2002b5cb0 13040       3       org.jetbrains.kotlin.ir.visitors.IrElementTransformerVoid::visitComposite (10 bytes)
Event: 48.959 Thread 0x000001c2002b5cb0 nmethod 13040 0x000001c26c45ce10 code [0x000001c26c45d040, 0x000001c26c45d828]
Event: 48.959 Thread 0x000001c2002b5cb0 13041       3       org.jetbrains.kotlin.ir.visitors.IrElementTransformerVoid::visitComposite (13 bytes)
Event: 48.959 Thread 0x000001c2002b5cb0 nmethod 13041 0x000001c26c45db10 code [0x000001c26c45dd20, 0x000001c26c45e3a8]
Event: 48.959 Thread 0x000001c2002b5cb0 13042       3       org.jetbrains.kotlin.ir.visitors.IrElementTransformerVoid::visitClassReference (10 bytes)
Event: 48.960 Thread 0x000001c2002b5cb0 nmethod 13042 0x000001c26c45e610 code [0x000001c26c45e840, 0x000001c26c45f028]
Event: 48.960 Thread 0x000001c2002b5cb0 13043       3       org.jetbrains.kotlin.ir.visitors.IrElementTransformerVoid::visitCallableReference (16 bytes)
Event: 48.960 Thread 0x000001c2002b5cb0 nmethod 13043 0x000001c26c45f310 code [0x000001c26c45f520, 0x000001c26c45fba8]
Event: 48.965 Thread 0x000001c248d93f20 13044       4       org.jetbrains.kotlin.backend.jvm.caches.BridgeLoweringCache::canHaveSpecialBridge (152 bytes)
Event: 49.027 Thread 0x000001c2002b5200 13045       4       org.jetbrains.kotlin.ir.util.IrFakeOverrideUtilsKt::resolveFakeOverride (74 bytes)

GC Heap History (20 events):
Event: 33.369 GC heap before
{Heap before GC invocations=20 (full 0):
 garbage-first heap   total 80896K, used 64255K [0x0000000081800000, 0x0000000100000000)
  region size 1024K, 20 young (20480K), 3 survivors (3072K)
 Metaspace       used 51937K, committed 52288K, reserved 1114112K
  class space    used 6302K, committed 6464K, reserved 1048576K
}
Event: 33.387 GC heap after
{Heap after GC invocations=21 (full 0):
 garbage-first heap   total 80896K, used 50543K [0x0000000081800000, 0x0000000100000000)
  region size 1024K, 3 young (3072K), 3 survivors (3072K)
 Metaspace       used 51937K, committed 52288K, reserved 1114112K
  class space    used 6302K, committed 6464K, reserved 1048576K
}
Event: 33.924 GC heap before
{Heap before GC invocations=22 (full 0):
 garbage-first heap   total 92160K, used 64879K [0x0000000081800000, 0x0000000100000000)
  region size 1024K, 17 young (17408K), 3 survivors (3072K)
 Metaspace       used 52980K, committed 53312K, reserved 1114112K
  class space    used 6413K, committed 6592K, reserved 1048576K
}
Event: 33.935 GC heap after
{Heap after GC invocations=23 (full 0):
 garbage-first heap   total 92160K, used 51848K [0x0000000081800000, 0x0000000100000000)
  region size 1024K, 1 young (1024K), 1 survivors (1024K)
 Metaspace       used 52980K, committed 53312K, reserved 1114112K
  class space    used 6413K, committed 6592K, reserved 1048576K
}
Event: 35.478 GC heap before
{Heap before GC invocations=23 (full 0):
 garbage-first heap   total 92160K, used 73352K [0x0000000081800000, 0x0000000100000000)
  region size 1024K, 22 young (22528K), 1 survivors (1024K)
 Metaspace       used 54873K, committed 55168K, reserved 1114112K
  class space    used 6615K, committed 6784K, reserved 1048576K
}
Event: 35.492 GC heap after
{Heap after GC invocations=24 (full 0):
 garbage-first heap   total 92160K, used 54875K [0x0000000081800000, 0x0000000100000000)
  region size 1024K, 3 young (3072K), 3 survivors (3072K)
 Metaspace       used 54873K, committed 55168K, reserved 1114112K
  class space    used 6615K, committed 6784K, reserved 1048576K
}
Event: 37.931 GC heap before
{Heap before GC invocations=25 (full 0):
 garbage-first heap   total 96256K, used 73307K [0x0000000081800000, 0x0000000100000000)
  region size 1024K, 21 young (21504K), 3 survivors (3072K)
 Metaspace       used 56667K, committed 57024K, reserved 1114112K
  class space    used 6694K, committed 6848K, reserved 1048576K
}
Event: 37.947 GC heap after
{Heap after GC invocations=26 (full 0):
 garbage-first heap   total 96256K, used 57275K [0x0000000081800000, 0x0000000100000000)
  region size 1024K, 3 young (3072K), 3 survivors (3072K)
 Metaspace       used 56667K, committed 57024K, reserved 1114112K
  class space    used 6694K, committed 6848K, reserved 1048576K
}
Event: 40.117 GC heap before
{Heap before GC invocations=26 (full 0):
 garbage-first heap   total 96256K, used 74683K [0x0000000081800000, 0x0000000100000000)
  region size 1024K, 21 young (21504K), 3 survivors (3072K)
 Metaspace       used 57575K, committed 57920K, reserved 1114112K
  class space    used 6737K, committed 6912K, reserved 1048576K
}
Event: 40.129 GC heap after
{Heap after GC invocations=27 (full 0):
 garbage-first heap   total 96256K, used 58970K [0x0000000081800000, 0x0000000100000000)
  region size 1024K, 2 young (2048K), 2 survivors (2048K)
 Metaspace       used 57575K, committed 57920K, reserved 1114112K
  class space    used 6737K, committed 6912K, reserved 1048576K
}
Event: 41.718 GC heap before
{Heap before GC invocations=28 (full 0):
 garbage-first heap   total 116736K, used 79450K [0x0000000081800000, 0x0000000100000000)
  region size 1024K, 21 young (21504K), 2 survivors (2048K)
 Metaspace       used 58567K, committed 58880K, reserved 1114112K
  class space    used 6823K, committed 6976K, reserved 1048576K
}
Event: 41.730 GC heap after
{Heap after GC invocations=29 (full 0):
 garbage-first heap   total 116736K, used 61048K [0x0000000081800000, 0x0000000100000000)
  region size 1024K, 2 young (2048K), 2 survivors (2048K)
 Metaspace       used 58567K, committed 58880K, reserved 1114112K
  class space    used 6823K, committed 6976K, reserved 1048576K
}
Event: 43.701 GC heap before
{Heap before GC invocations=29 (full 0):
 garbage-first heap   total 116736K, used 92792K [0x0000000081800000, 0x0000000100000000)
  region size 1024K, 33 young (33792K), 2 survivors (2048K)
 Metaspace       used 64423K, committed 64768K, reserved 1114112K
  class space    used 7403K, committed 7552K, reserved 1048576K
}
Event: 43.714 GC heap after
{Heap after GC invocations=30 (full 0):
 garbage-first heap   total 116736K, used 62835K [0x0000000081800000, 0x0000000100000000)
  region size 1024K, 4 young (4096K), 4 survivors (4096K)
 Metaspace       used 64423K, committed 64768K, reserved 1114112K
  class space    used 7403K, committed 7552K, reserved 1048576K
}
Event: 45.333 GC heap before
{Heap before GC invocations=31 (full 0):
 garbage-first heap   total 116736K, used 94579K [0x0000000081800000, 0x0000000100000000)
  region size 1024K, 35 young (35840K), 4 survivors (4096K)
 Metaspace       used 67832K, committed 68160K, reserved 1114112K
  class space    used 7747K, committed 7936K, reserved 1048576K
}
Event: 45.359 GC heap after
{Heap after GC invocations=32 (full 0):
 garbage-first heap   total 116736K, used 67970K [0x0000000081800000, 0x0000000100000000)
  region size 1024K, 5 young (5120K), 5 survivors (5120K)
 Metaspace       used 67832K, committed 68160K, reserved 1114112K
  class space    used 7747K, committed 7936K, reserved 1048576K
}
Event: 45.414 GC heap before
{Heap before GC invocations=32 (full 0):
 garbage-first heap   total 116736K, used 68994K [0x0000000081800000, 0x0000000100000000)
  region size 1024K, 6 young (6144K), 5 survivors (5120K)
 Metaspace       used 67865K, committed 68224K, reserved 1114112K
  class space    used 7747K, committed 7936K, reserved 1048576K
}
Event: 45.431 GC heap after
{Heap after GC invocations=33 (full 0):
 garbage-first heap   total 116736K, used 68512K [0x0000000081800000, 0x0000000100000000)
  region size 1024K, 1 young (1024K), 1 survivors (1024K)
 Metaspace       used 67865K, committed 68224K, reserved 1114112K
  class space    used 7747K, committed 7936K, reserved 1048576K
}
Event: 46.892 GC heap before
{Heap before GC invocations=33 (full 0):
 garbage-first heap   total 116736K, used 93088K [0x0000000081800000, 0x0000000100000000)
  region size 1024K, 26 young (26624K), 1 survivors (1024K)
 Metaspace       used 73417K, committed 73792K, reserved 1114112K
  class space    used 8374K, committed 8576K, reserved 1048576K
}
Event: 46.902 GC heap after
{Heap after GC invocations=34 (full 0):
 garbage-first heap   total 219136K, used 69107K [0x0000000081800000, 0x0000000100000000)
  region size 1024K, 2 young (2048K), 2 survivors (2048K)
 Metaspace       used 73417K, committed 73792K, reserved 1114112K
  class space    used 8374K, committed 8576K, reserved 1048576K
}

Dll operation events (7 events):
Event: 0.013 Loaded shared library C:\Program Files\Microsoft\jdk-17.0.10.7-hotspot\bin\java.dll
Event: 0.046 Loaded shared library C:\Program Files\Microsoft\jdk-17.0.10.7-hotspot\bin\jsvml.dll
Event: 0.265 Loaded shared library C:\Program Files\Microsoft\jdk-17.0.10.7-hotspot\bin\net.dll
Event: 0.267 Loaded shared library C:\Program Files\Microsoft\jdk-17.0.10.7-hotspot\bin\nio.dll
Event: 0.339 Loaded shared library C:\Program Files\Microsoft\jdk-17.0.10.7-hotspot\bin\zip.dll
Event: 0.408 Loaded shared library C:\Program Files\Microsoft\jdk-17.0.10.7-hotspot\bin\jimage.dll
Event: 7.084 Loaded shared library C:\Program Files\Microsoft\jdk-17.0.10.7-hotspot\bin\verify.dll

Deoptimization events (20 events):
Event: 48.845 Thread 0x000001c262705010 Uncommon trap: trap_request=0xffffffc6 fr.pc=0x000001c272169ea8 relative=0x0000000000000ee8
Event: 48.845 Thread 0x000001c262705010 Uncommon trap: reason=bimorphic_or_optimized_type_check action=maybe_recompile pc=0x000001c272169ea8 method=kotlin.text.StringsKt__AppendableKt.appendElement(Ljava/lang/Appendable;Ljava/lang/Object;Lkotlin/jvm/functions/Function1;)V @ 15 c2
Event: 48.845 Thread 0x000001c262705010 DEOPT PACKING pc=0x000001c272169ea8 sp=0x0000000dd74fd760
Event: 48.845 Thread 0x000001c262705010 DEOPT UNPACKING pc=0x000001c2717a69a3 sp=0x0000000dd74fd738 mode 2
Event: 48.845 Thread 0x000001c262705010 Uncommon trap: trap_request=0xffffffde fr.pc=0x000001c271e24b4c relative=0x000000000000068c
Event: 48.845 Thread 0x000001c262705010 Uncommon trap: reason=class_check action=maybe_recompile pc=0x000001c271e24b4c method=java.lang.AbstractStringBuilder.append(Ljava/lang/CharSequence;)Ljava/lang/AbstractStringBuilder; @ 10 c2
Event: 48.845 Thread 0x000001c262705010 DEOPT PACKING pc=0x000001c271e24b4c sp=0x0000000dd74fd220
Event: 48.845 Thread 0x000001c262705010 DEOPT UNPACKING pc=0x000001c2717a69a3 sp=0x0000000dd74fd210 mode 2
Event: 48.845 Thread 0x000001c262705010 Uncommon trap: trap_request=0xffffffde fr.pc=0x000001c271e24b4c relative=0x000000000000068c
Event: 48.845 Thread 0x000001c262705010 Uncommon trap: reason=class_check action=maybe_recompile pc=0x000001c271e24b4c method=java.lang.AbstractStringBuilder.append(Ljava/lang/CharSequence;)Ljava/lang/AbstractStringBuilder; @ 10 c2
Event: 48.845 Thread 0x000001c262705010 DEOPT PACKING pc=0x000001c271e24b4c sp=0x0000000dd74fd220
Event: 48.845 Thread 0x000001c262705010 DEOPT UNPACKING pc=0x000001c2717a69a3 sp=0x0000000dd74fd210 mode 2
Event: 48.943 Thread 0x000001c262705010 Uncommon trap: trap_request=0xffffff66 fr.pc=0x000001c2722b3f40 relative=0x0000000000000b00
Event: 48.943 Thread 0x000001c262705010 Uncommon trap: reason=speculate_class_check action=maybe_recompile pc=0x000001c2722b3f40 method=org.jetbrains.kotlin.ir.declarations.IrFunction.acceptChildren(Lorg/jetbrains/kotlin/ir/visitors/IrElementVisitor;Ljava/lang/Object;)V @ 7 c2
Event: 48.943 Thread 0x000001c262705010 DEOPT PACKING pc=0x000001c2722b3f40 sp=0x0000000dd74fda60
Event: 48.943 Thread 0x000001c262705010 DEOPT UNPACKING pc=0x000001c2717a69a3 sp=0x0000000dd74fd920 mode 2
Event: 48.949 Thread 0x000001c262705010 Uncommon trap: trap_request=0xffffff66 fr.pc=0x000001c2722b3f40 relative=0x0000000000000b00
Event: 48.949 Thread 0x000001c262705010 Uncommon trap: reason=speculate_class_check action=maybe_recompile pc=0x000001c2722b3f40 method=org.jetbrains.kotlin.ir.declarations.IrFunction.acceptChildren(Lorg/jetbrains/kotlin/ir/visitors/IrElementVisitor;Ljava/lang/Object;)V @ 7 c2
Event: 48.949 Thread 0x000001c262705010 DEOPT PACKING pc=0x000001c2722b3f40 sp=0x0000000dd74fda60
Event: 48.949 Thread 0x000001c262705010 DEOPT UNPACKING pc=0x000001c2717a69a3 sp=0x0000000dd74fd920 mode 2

Classes unloaded (0 events):
No events

Classes redefined (0 events):
No events

Internal exceptions (20 events):
Event: 34.142 Thread 0x000001c262705010 Implicit null exception at 0x000001c27203d54f to 0x000001c272046500
Event: 34.298 Thread 0x000001c262705010 Exception <a 'java/lang/NoSuchMethodError'{0x0000000086b44270}: 'int java.lang.invoke.DirectMethodHandle$Holder.invokeStaticInit(java.lang.Object, int)'> (0x0000000086b44270) 
thrown [s\src\hotspot\share\interpreter\linkResolver.cpp, line 759]
Event: 34.391 Thread 0x000001c262705010 Implicit null exception at 0x000001c271d0ba72 to 0x000001c271d0c08c
Event: 34.422 Thread 0x000001c262705010 Implicit null exception at 0x000001c271d0c6f2 to 0x000001c271d0cd0c
Event: 34.777 Thread 0x000001c262705010 Exception <a 'java/lang/NoSuchMethodError'{0x0000000086105608}: 'java.lang.Object java.lang.invoke.DirectMethodHandle$Holder.invokeInterface(java.lang.Object, java.lang.Object, java.lang.Object)'> (0x0000000086105608) 
thrown [s\src\hotspot\share\interpreter\linkResolver.cpp, line 759]
Event: 34.777 Thread 0x000001c262705010 Exception <a 'java/lang/IncompatibleClassChangeError'{0x0000000086108f78}: Found class java.lang.Object, but interface was expected> (0x0000000086108f78) 
thrown [s\src\hotspot\share\interpreter\linkResolver.cpp, line 826]
Event: 34.789 Thread 0x000001c262705010 Exception <a 'java/lang/NoSuchMethodError'{0x0000000086141ed8}: 'java.lang.Object java.lang.invoke.DirectMethodHandle$Holder.newInvokeSpecial(java.lang.Object, java.lang.Object, java.lang.Object, java.lang.Object, java.lang.Object, java.lang.Object, java.lang.Object)'> (0x0000000086141ed8) 
thrown [s\src\hotspot\share\interpreter\linkResolver.cpp, line 759]
Event: 34.790 Thread 0x000001c262705010 Exception <a 'java/lang/NoSuchMethodError'{0x0000000086146a90}: 'java.lang.Object java.lang.invoke.Invokers$Holder.linkToTargetMethod(java.lang.Object, java.lang.Object, java.lang.Object, java.lang.Object, java.lang.Object, java.lang.Object, java.lang.Object)'> (0x0000000086146a90) 
thrown [s\src\hotspot\share\interpreter\linkResolver.cpp, line 759]
Event: 37.527 Thread 0x000001c262705010 Exception <a 'java/lang/NoSuchMethodError'{0x0000000086748ca8}: 'void java.lang.invoke.DirectMethodHandle$Holder.invokeStatic(java.lang.Object, java.lang.Object, java.lang.Object)'> (0x0000000086748ca8) 
thrown [s\src\hotspot\share\interpreter\linkResolver.cpp, line 759]
Event: 42.331 Thread 0x000001c262705010 Exception <a 'java/lang/NoSuchMethodError'{0x0000000087c1bdb8}: 'java.lang.Object java.lang.invoke.DirectMethodHandle$Holder.invokeStaticInit(java.lang.Object, java.lang.Object, java.lang.Object, java.lang.Object)'> (0x0000000087c1bdb8) 
thrown [s\src\hotspot\share\interpreter\linkResolver.cpp, line 759]
Event: 43.036 Thread 0x000001c262705010 Exception <a 'java/lang/NoSuchMethodError'{0x0000000086c24f10}: 'java.lang.Object java.lang.invoke.DirectMethodHandle$Holder.newInvokeSpecial(java.lang.Object, java.lang.Object, java.lang.Object, int, int)'> (0x0000000086c24f10) 
thrown [s\src\hotspot\share\interpreter\linkResolver.cpp, line 759]
Event: 43.037 Thread 0x000001c262705010 Exception <a 'java/lang/NoSuchMethodError'{0x0000000086c28d50}: 'java.lang.Object java.lang.invoke.DirectMethodHandle$Holder.invokeSpecial(java.lang.Object, java.lang.Object, java.lang.Object, java.lang.Object, int, int)'> (0x0000000086c28d50) 
thrown [s\src\hotspot\share\interpreter\linkResolver.cpp, line 759]
Event: 43.092 Thread 0x000001c262705010 Exception <a 'java/lang/NoSuchMethodError'{0x0000000086b25a30}: 'java.lang.Object java.lang.invoke.DirectMethodHandle$Holder.invokeSpecial(java.lang.Object, java.lang.Object, int, int, java.lang.Object, java.lang.Object, java.lang.Object, java.lang.Object, java.lang.Object)'> (0x0000000086b25a30) 
thrown [s\src\hotspot\share\interpreter\linkResolver.cpp, line 759]
Event: 43.102 Thread 0x000001c262705010 Implicit null exception at 0x000001c271d5b5f6 to 0x000001c271d5b844
Event: 43.631 Thread 0x000001c262705010 Exception <a 'java/lang/NoSuchMethodError'{0x00000000869457d0}: 'java.lang.Object java.lang.invoke.DirectMethodHandle$Holder.newInvokeSpecial(java.lang.Object, java.lang.Object, int, int, java.lang.Object, java.lang.Object, java.lang.Object)'> (0x00000000869457d0) 
thrown [s\src\hotspot\share\interpreter\linkResolver.cpp, line 759]
Event: 43.632 Thread 0x000001c262705010 Exception <a 'java/lang/NoSuchMethodError'{0x0000000086949dd0}: 'java.lang.Object java.lang.invoke.DirectMethodHandle$Holder.invokeSpecial(java.lang.Object, java.lang.Object, java.lang.Object, int, int, java.lang.Object, java.lang.Object, java.lang.Object)'> (0x0000000086949dd0) 
thrown [s\src\hotspot\share\interpreter\linkResolver.cpp, line 759]
Event: 44.575 Thread 0x000001c262705010 Exception <a 'java/lang/NoSuchMethodError'{0x0000000087ee5188}: 'java.lang.Object java.lang.invoke.DirectMethodHandle$Holder.invokeStatic(java.lang.Object, java.lang.Object, java.lang.Object, int, int, java.lang.Object, java.lang.Object, java.lang.Object, java.lang.Object)'> (0x0000000087ee5188) 
thrown [s\src\hotspot\share\interpreter\linkResolver.cpp, line 759]
Event: 44.577 Thread 0x000001c262705010 Exception <a 'java/lang/NoSuchMethodError'{0x0000000087eef450}: 'java.lang.Object java.lang.invoke.DirectMethodHandle$Holder.newInvokeSpecial(java.lang.Object, java.lang.Object, java.lang.Object, int, int, java.lang.Object)'> (0x0000000087eef450) 
thrown [s\src\hotspot\share\interpreter\linkResolver.cpp, line 759]
Event: 44.577 Thread 0x000001c262705010 Exception <a 'java/lang/NoSuchMethodError'{0x0000000087ef6df0}: 'java.lang.Object java.lang.invoke.Invokers$Holder.linkToTargetMethod(java.lang.Object, java.lang.Object, int, int, java.lang.Object, java.lang.Object)'> (0x0000000087ef6df0) 
thrown [s\src\hotspot\share\interpreter\linkResolver.cpp, line 759]
Event: 48.224 Thread 0x000001c262705010 Implicit null exception at 0x000001c27228cc35 to 0x000001c27228ce9a

VM Operations (20 events):
Event: 46.710 Executing VM operation: HandshakeAllThreads
Event: 46.710 Executing VM operation: HandshakeAllThreads done
Event: 46.839 Executing VM operation: HandshakeAllThreads
Event: 46.839 Executing VM operation: HandshakeAllThreads done
Event: 46.892 Executing VM operation: G1CollectForAllocation
Event: 46.903 Executing VM operation: G1CollectForAllocation done
Event: 47.090 Executing VM operation: G1PauseRemark
Event: 47.107 Executing VM operation: G1PauseRemark done
Event: 47.191 Executing VM operation: G1PauseCleanup
Event: 47.252 Executing VM operation: G1PauseCleanup done
Event: 47.937 Executing VM operation: ICBufferFull
Event: 47.937 Executing VM operation: ICBufferFull done
Event: 48.412 Executing VM operation: ICBufferFull
Event: 48.412 Executing VM operation: ICBufferFull done
Event: 48.610 Executing VM operation: HandshakeAllThreads
Event: 48.655 Executing VM operation: HandshakeAllThreads done
Event: 48.667 Executing VM operation: HandshakeAllThreads
Event: 48.667 Executing VM operation: HandshakeAllThreads done
Event: 48.765 Executing VM operation: ICBufferFull
Event: 48.766 Executing VM operation: ICBufferFull done

Events (20 events):
Event: 43.371 Thread 0x000001c20031e510 flushing nmethod 0x000001c26ba9a290
Event: 43.371 Thread 0x000001c20031e510 flushing nmethod 0x000001c26ba9f690
Event: 43.371 Thread 0x000001c20031e510 flushing nmethod 0x000001c26baea410
Event: 43.372 Thread 0x000001c20031e510 flushing nmethod 0x000001c26bb29390
Event: 43.372 Thread 0x000001c20031e510 flushing nmethod 0x000001c26bb2a690
Event: 43.372 Thread 0x000001c20031e510 flushing nmethod 0x000001c26bb3d690
Event: 43.372 Thread 0x000001c20031e510 flushing nmethod 0x000001c26bb62290
Event: 43.372 Thread 0x000001c20031e510 flushing nmethod 0x000001c26bb64b10
Event: 43.372 Thread 0x000001c20031e510 flushing nmethod 0x000001c26bb70f10
Event: 43.372 Thread 0x000001c20031e510 flushing nmethod 0x000001c26bbe0910
Event: 43.372 Thread 0x000001c20031e510 flushing nmethod 0x000001c26bc1e490
Event: 43.373 Thread 0x000001c20031e510 flushing nmethod 0x000001c26bce9090
Event: 43.373 Thread 0x000001c20031e510 flushing nmethod 0x000001c26bd4a710
Event: 46.599 Thread 0x000001c248d939d0 Thread added: 0x000001c248d939d0
Event: 47.437 Thread 0x000001c248d939d0 Thread exited: 0x000001c248d939d0
Event: 47.505 Thread 0x000001c248d939d0 Thread added: 0x000001c248d939d0
Event: 47.781 Thread 0x000001c248d939d0 Thread exited: 0x000001c248d939d0
Event: 48.089 Thread 0x000001c248d9a410 Thread added: 0x000001c248d9a410
Event: 48.390 Thread 0x000001c248d9a410 Thread exited: 0x000001c248d9a410
Event: 48.582 Thread 0x000001c248d93f20 Thread added: 0x000001c248d93f20


Dynamic libraries:
0x00007ff6df860000 - 0x00007ff6df86e000 	C:\Program Files\Microsoft\jdk-17.0.10.7-hotspot\bin\java.exe
0x00007ff8afaf0000 - 0x00007ff8afce8000 	C:\Windows\SYSTEM32\ntdll.dll
0x00007ff8adbf0000 - 0x00007ff8adcad000 	C:\Windows\System32\KERNEL32.DLL
0x00007ff8ad280000 - 0x00007ff8ad576000 	C:\Windows\System32\KERNELBASE.dll
0x00007ff8ad6d0000 - 0x00007ff8ad7d0000 	C:\Windows\System32\ucrtbase.dll
0x00007ff8a7ba0000 - 0x00007ff8a7bbb000 	C:\Program Files\Microsoft\jdk-17.0.10.7-hotspot\bin\VCRUNTIME140.dll
0x00007ff8a7bc0000 - 0x00007ff8a7bd7000 	C:\Program Files\Microsoft\jdk-17.0.10.7-hotspot\bin\jli.dll
0x00007ff893740000 - 0x00007ff8939da000 	C:\Windows\WinSxS\amd64_microsoft.windows.common-controls_6595b64144ccf1df_6.0.19041.4355_none_60b8b9eb71f62e16\COMCTL32.dll
0x00007ff8aec00000 - 0x00007ff8aed9f000 	C:\Windows\System32\USER32.dll
0x00007ff8adcb0000 - 0x00007ff8add4e000 	C:\Windows\System32\msvcrt.dll
0x00007ff8ad920000 - 0x00007ff8ad942000 	C:\Windows\System32\win32u.dll
0x00007ff8af070000 - 0x00007ff8af09b000 	C:\Windows\System32\GDI32.dll
0x00007ff8ad800000 - 0x00007ff8ad917000 	C:\Windows\System32\gdi32full.dll
0x00007ff8ad630000 - 0x00007ff8ad6cd000 	C:\Windows\System32\msvcp_win.dll
0x00007ff8add50000 - 0x00007ff8add7f000 	C:\Windows\System32\IMM32.DLL
0x00007ff8a7c70000 - 0x00007ff8a7c7c000 	C:\Program Files\Microsoft\jdk-17.0.10.7-hotspot\bin\vcruntime140_1.dll
0x00007ff874680000 - 0x00007ff87470d000 	C:\Program Files\Microsoft\jdk-17.0.10.7-hotspot\bin\msvcp140.dll
0x00007ff81b870000 - 0x00007ff81c4d5000 	C:\Program Files\Microsoft\jdk-17.0.10.7-hotspot\bin\server\jvm.dll
0x00007ff8af820000 - 0x00007ff8af8d0000 	C:\Windows\System32\ADVAPI32.dll
0x00007ff8ae2a0000 - 0x00007ff8ae340000 	C:\Windows\System32\sechost.dll
0x00007ff8aee30000 - 0x00007ff8aef53000 	C:\Windows\System32\RPCRT4.dll
0x00007ff8ad7d0000 - 0x00007ff8ad7f7000 	C:\Windows\System32\bcrypt.dll
0x00007ff8ac6c0000 - 0x00007ff8ac70b000 	C:\Windows\SYSTEM32\POWRPROF.dll
0x00007ff893a20000 - 0x00007ff893a29000 	C:\Windows\SYSTEM32\WSOCK32.dll
0x00007ff8aeda0000 - 0x00007ff8aee0b000 	C:\Windows\System32\WS2_32.dll
0x00007ff88c280000 - 0x00007ff88c2a7000 	C:\Windows\SYSTEM32\WINMM.dll
0x00007ff8a7d90000 - 0x00007ff8a7d9a000 	C:\Windows\SYSTEM32\VERSION.dll
0x00007ff8ac530000 - 0x00007ff8ac542000 	C:\Windows\SYSTEM32\UMPDC.dll
0x00007ff8aafc0000 - 0x00007ff8aafd2000 	C:\Windows\SYSTEM32\kernel.appcore.dll
0x00007ff8a7040000 - 0x00007ff8a704a000 	C:\Program Files\Microsoft\jdk-17.0.10.7-hotspot\bin\jimage.dll
0x00007ff88b860000 - 0x00007ff88ba44000 	C:\Windows\SYSTEM32\DBGHELP.DLL
0x00007ff888a80000 - 0x00007ff888ab4000 	C:\Windows\SYSTEM32\dbgcore.DLL
0x00007ff8ad1f0000 - 0x00007ff8ad272000 	C:\Windows\System32\bcryptPrimitives.dll
0x00007ff886e30000 - 0x00007ff886e55000 	C:\Program Files\Microsoft\jdk-17.0.10.7-hotspot\bin\java.dll
0x00007ff8745a0000 - 0x00007ff874677000 	C:\Program Files\Microsoft\jdk-17.0.10.7-hotspot\bin\jsvml.dll
0x00007ff8ae420000 - 0x00007ff8aeb8c000 	C:\Windows\System32\SHELL32.dll
0x00007ff8ab1c0000 - 0x00007ff8ab95d000 	C:\Windows\SYSTEM32\windows.storage.dll
0x00007ff8af3a0000 - 0x00007ff8af6f3000 	C:\Windows\System32\combase.dll
0x00007ff8acac0000 - 0x00007ff8acaee000 	C:\Windows\SYSTEM32\Wldp.dll
0x00007ff8af250000 - 0x00007ff8af31d000 	C:\Windows\System32\OLEAUT32.dll
0x00007ff8aef60000 - 0x00007ff8af00d000 	C:\Windows\System32\SHCORE.dll
0x00007ff8af340000 - 0x00007ff8af395000 	C:\Windows\System32\shlwapi.dll
0x00007ff8ad0b0000 - 0x00007ff8ad0d4000 	C:\Windows\SYSTEM32\profapi.dll
0x00007ff891ad0000 - 0x00007ff891ae9000 	C:\Program Files\Microsoft\jdk-17.0.10.7-hotspot\bin\net.dll
0x00007ff8a46c0000 - 0x00007ff8a47ca000 	C:\Windows\SYSTEM32\WINHTTP.dll
0x00007ff8ac8a0000 - 0x00007ff8ac90a000 	C:\Windows\system32\mswsock.dll
0x00007ff8919c0000 - 0x00007ff8919d6000 	C:\Program Files\Microsoft\jdk-17.0.10.7-hotspot\bin\nio.dll
0x00007ff88b1d0000 - 0x00007ff88b1e8000 	C:\Program Files\Microsoft\jdk-17.0.10.7-hotspot\bin\zip.dll
0x00007ff8a7030000 - 0x00007ff8a7040000 	C:\Program Files\Microsoft\jdk-17.0.10.7-hotspot\bin\verify.dll

dbghelp: loaded successfully - version: 4.0.5 - missing functions: none
symbol engine: initialized successfully - sym options: 0x614 - pdb path: .;C:\Program Files\Microsoft\jdk-17.0.10.7-hotspot\bin;C:\Windows\SYSTEM32;C:\Windows\WinSxS\amd64_microsoft.windows.common-controls_6595b64144ccf1df_6.0.19041.4355_none_60b8b9eb71f62e16;C:\Program Files\Microsoft\jdk-17.0.10.7-hotspot\bin\server

VM Arguments:
java_command: org.jetbrains.kotlin.cli.jvm.K2JVMCompiler @C:\Users\Administrateur\Desktop\note_frais_migrated\node_modules\react-native-safe-area-context\android\build\20240620_2494777221285908073.compiler.options
java_class_path (initial): C:\Users\Administrateur\.gradle\caches\modules-2\files-2.1\org.jetbrains.kotlin\kotlin-compiler-embeddable\1.8.0\eb9118d4bcceaa2a94b2ae2a33a4ddba7c9a947f\kotlin-compiler-embeddable-1.8.0.jar;C:\Users\Administrateur\.gradle\caches\modules-2\files-2.1\org.jetbrains.kotlin\kotlin-stdlib\1.8.0\1796921c7a3e2e2665a83e6c8d33399336cd39bc\kotlin-stdlib-1.8.0.jar;C:\Users\Administrateur\.gradle\caches\modules-2\files-2.1\org.jetbrains.kotlin\kotlin-script-runtime\1.8.0\b2f7e760d283cb339974851c222a4c1d48f2d3d\kotlin-script-runtime-1.8.0.jar;C:\Users\Administrateur\.gradle\caches\modules-2\files-2.1\org.jetbrains.kotlin\kotlin-reflect\1.6.10\1cbe9c92c12a94eea200d23c2bbaedaf3daf5132\kotlin-reflect-1.6.10.jar;C:\Users\Administrateur\.gradle\caches\modules-2\files-2.1\org.jetbrains.kotlin\kotlin-daemon-embeddable\1.8.0\d255216c551685dc3a7e852b53617f5f01aaaa5c\kotlin-daemon-embeddable-1.8.0.jar;C:\Users\Administrateur\.gradle\caches\modules-2\files-2.1\org.jetbrains.intellij.deps\trove4j\1.0.20200330\3afb14d5f9ceb459d724e907a21145e8ff394f02\trove4j-1.0.20200330.jar;C:\Users\Administrateur\.gradle\caches\modules-2\files-2.1\net.java.dev.jna\jna\5.6.0\330f2244e9030119ab3030fc3fededc86713d9cc\jna-5.6.0.jar;C:\Users\Administrateur\.gradle\caches\modules-2\files-2.1\org.jetbrains.kotlin\kotlin-stdlib-common\1.8.0\f7197e7cc76453ac59f8b0f8d5137cc600becd36\kotlin-stdlib-common-1.8.0.jar;C:\Users\Administrateur\.gradle\caches\modules-2\files-2.1\org.jetbrains\annotations\13.0\919f0dfe192fb4e063e7dacadee7f8bb9a2672a9\annotations-13.0.jar
Launcher Type: SUN_STANDARD

[Global flags]
     intx CICompilerCount                          = 3                                         {product} {ergonomic}
     uint ConcGCThreads                            = 1                                         {product} {ergonomic}
     uint G1ConcRefinementThreads                  = 4                                         {product} {ergonomic}
   size_t G1HeapRegionSize                         = 1048576                                   {product} {ergonomic}
    uintx GCDrainStackTargetSize                   = 64                                        {product} {ergonomic}
   size_t InitialHeapSize                          = 134217728                                 {product} {ergonomic}
   size_t MarkStackSize                            = 4194304                                   {product} {ergonomic}
   size_t MaxHeapSize                              = 2122317824                                {product} {ergonomic}
   size_t MaxNewSize                               = 1272971264                                {product} {ergonomic}
   size_t MinHeapDeltaBytes                        = 1048576                                   {product} {ergonomic}
   size_t MinHeapSize                              = 8388608                                   {product} {ergonomic}
    uintx NonNMethodCodeHeapSize                   = 5832780                                {pd product} {ergonomic}
    uintx NonProfiledCodeHeapSize                  = 122912730                              {pd product} {ergonomic}
    uintx ProfiledCodeHeapSize                     = 122912730                              {pd product} {ergonomic}
    uintx ReservedCodeCacheSize                    = 251658240                              {pd product} {ergonomic}
     bool SegmentedCodeCache                       = true                                      {product} {ergonomic}
   size_t SoftMaxHeapSize                          = 2122317824                             {manageable} {ergonomic}
     bool UseCompressedClassPointers               = true                           {product lp64_product} {ergonomic}
     bool UseCompressedOops                        = true                           {product lp64_product} {ergonomic}
     bool UseG1GC                                  = true                                      {product} {ergonomic}
     bool UseLargePagesIndividualAllocation        = false                                  {pd product} {ergonomic}

Logging:
Log output configuration:
 #0: stdout all=warning uptime,level,tags
 #1: stderr all=off uptime,level,tags

Environment Variables:
JAVA_HOME=C:\Program Files\Microsoft\jdk-17.0.10.7-hotspot\
PATH=C:\Users\Administrateur\bin;C:\Program Files\Git\mingw64\bin;C:\Program Files\Git\usr\local\bin;C:\Program Files\Git\usr\bin;C:\Program Files\Git\usr\bin;C:\Program Files\Git\mingw64\bin;C:\Program Files\Git\usr\bin;C:\Users\Administrateur\bin;C:\Program Files\ImageMagick-7.1.1-Q16-HDRI;C:\Program Files\Microsoft\jdk-17.0.10.7-hotspot\bin;C:\Program Files\Common Files\Oracle\Java\javapath;C:\Python312\Scripts;C:\Python312;C:\Windows\system32;C:\Windows;C:\Windows\System32\Wbem;C:\Windows\System32\WindowsPowerShell\v1.0;C:\Windows\System32\OpenSSH;C:\ProgramData\chocolatey\bin;C:\wamp64\bin\php\php8.2.13;C:\xampp\php;C:\apache-maven-3.9.6\bin;C:\xampp\mysql;C:\Program Files\Git\cmd;C:\ProgramData\ComposerSetup\bin;C:\Users\Administrateur\AppData\Roaming\nvm;C:\Program Files\nodejs;C:\Program Files (x86)\HP\HP OCR\DB_Lib;C:\Program Files\HP\Common\HPDestPlgIn;C:\Program Files (x86)\HP\Common\HPDestPlgIn;C:\Users\Administrateur\AppData\Local\Microsoft\WindowsApps;C:\Users\Administrateur\AppData\Local\Programs\Microsoft VS Code\bin;C:\Program Files\JetBrains\IntelliJ IDEA 2023.3.4\bin;C:\Users\Administrateur\AppData\Roaming\Composer\vendor\bin;C:\Users\Administrateur\AppData\Roaming\npm;C:\Users\Administrateur\AppData\Roaming\nvm;C:\Program Files\nodejs;C:\Program Files\HP\Common\HPDestPlgIn;C:\Program Files (x86)\HP\Common\HPDestPlgIn;C:\Program Files\Git\usr\bin\vendor_perl;C:\Program Files\Git\usr\bin\core_perl
USERNAME=Administrateur
SHELL=C:\Program Files\Git\usr\bin\bash.exe
DISPLAY=needs-to-be-defined
LANG=en_US.UTF-8
TERM=xterm-256color
TMPDIR=C:\Users\ADMINI~1\AppData\Local\Temp
OS=Windows_NT
PROCESSOR_IDENTIFIER=Intel64 Family 6 Model 78 Stepping 3, GenuineIntel
TMP=C:\Users\ADMINI~1\AppData\Local\Temp
TEMP=C:\Users\ADMINI~1\AppData\Local\Temp



Periodic native trim disabled


---------------  S Y S T E M  ---------------

OS:
 Windows 10 , 64 bit Build 19041 (10.0.19041.3636)
OS uptime: 3 days 15:10 hours
Hyper-V role detected

CPU: total 4 (initial active 4) (2 cores per cpu, 2 threads per core) family 6 model 78 stepping 3 microcode 0xcc, cx8, cmov, fxsr, ht, mmx, 3dnowpref, sse, sse2, sse3, ssse3, sse4.1, sse4.2, popcnt, lzcnt, tsc, tscinvbit, avx, avx2, aes, erms, clmul, bmi1, bmi2, adx, fma, vzeroupper, clflush, clflushopt, hv
Processor Information for all 4 processors :
  Max Mhz: 2592, Current Mhz: 2492, Mhz Limit: 2488

Memory: 4k page, system-wide physical 8089M (392M free)
TotalPageFile size 32665M (AvailPageFile size 8M)
current process WorkingSet (physical memory assigned to process): 360M, peak: 360M
current process commit charge ("private bytes"): 462M, peak: 464M

vm_info: OpenJDK 64-Bit Server VM (17.0.10+7-LTS) for windows-amd64 JRE (17.0.10+7-LTS), built on Jan 10 2024 19:47:12 by "MicrosoftCorporation" with MS VC++ 16.10 / 16.11 (VS2019)

END.
